22:33:07 INFO  : Processing command line option -hwspec D:/123456/em15-340-yangxi/lab2/lab2.sdk/system_wrapper.hdf.
22:57:00 INFO  : FPGA configured successfully with bitstream "D:/123456/em15-340-yangxi/lab2/lab2.sdk/system_wrapper_hw_platform_0/system_wrapper.bit"
22:57:53 INFO  : ps7_init is completed.
22:57:53 INFO  : ps7_post_config is completed.
22:57:54 INFO  : Processor reset is completed for ps7_cortexa9_0
22:57:57 ERROR : Unexpected error while launching program.
java.lang.RuntimeException: Failed to download ELF file


    AP transaction error (DP CTRL_STAT=0xf0000021)
    Error Address = 0x00100000, Size = 0x00000004


	at com.xilinx.sdk.targetmanager.internal.TM.downloadELF(TM.java:752)
	at com.xilinx.sdk.debug.core.internal.AppRunner.run(AppRunner.java:129)
	at com.xilinx.sdk.debug.core.XilinxAppLaunchConfigurationDelegate.runApplication(XilinxAppLaunchConfigurationDelegate.java:534)
	at com.xilinx.sdk.debug.core.XilinxAppLaunchConfigurationDelegate.launch(XilinxAppLaunchConfigurationDelegate.java:252)
	at com.xilinx.sdk.debug.ui.XilinxAppLaunchDelegateWrapper.launch(XilinxAppLaunchDelegateWrapper.java:31)
	at org.eclipse.debug.internal.core.LaunchConfiguration.launch(LaunchConfiguration.java:855)
	at org.eclipse.debug.internal.core.LaunchConfiguration.launch(LaunchConfiguration.java:704)
	at org.eclipse.debug.internal.ui.DebugUIPlugin.buildAndLaunch(DebugUIPlugin.java:1047)
	at org.eclipse.debug.internal.ui.DebugUIPlugin$8.run(DebugUIPlugin.java:1251)
	at org.eclipse.core.internal.jobs.Worker.run(Worker.java:54)
22:58:27 ERROR : Unexpected error while parsing XMD response ?: com.google.gson.JsonSyntaxException: com.google.gson.stream.MalformedJsonException: invalid number or unquoted string near 
10:03:31 INFO  : Processing command line option -hwspec D:/123456/em15-340-yangxi/lab2/lab2.sdk/system_wrapper.hdf.
10:03:38 INFO  : Checking for hwspec changes in the project system_wrapper_hw_platform_0.
10:22:45 INFO  : ps7_init is completed.
10:22:45 INFO  : ps7_post_config is completed.
10:22:46 INFO  : Processor reset is completed for ps7_cortexa9_0
10:22:49 ERROR : Unexpected error while launching program.
java.lang.RuntimeException: Failed to download ELF file


    AP transaction error (DP CTRL_STAT=0xf0000021)
    Error Address = 0x00100000, Size = 0x00000004


	at com.xilinx.sdk.targetmanager.internal.TM.downloadELF(TM.java:752)
	at com.xilinx.sdk.debug.core.internal.AppRunner.run(AppRunner.java:129)
	at com.xilinx.sdk.debug.core.XilinxAppLaunchConfigurationDelegate.runApplication(XilinxAppLaunchConfigurationDelegate.java:534)
	at com.xilinx.sdk.debug.core.XilinxAppLaunchConfigurationDelegate.launch(XilinxAppLaunchConfigurationDelegate.java:252)
	at com.xilinx.sdk.debug.ui.XilinxAppLaunchDelegateWrapper.launch(XilinxAppLaunchDelegateWrapper.java:31)
	at org.eclipse.debug.internal.core.LaunchConfiguration.launch(LaunchConfiguration.java:855)
	at org.eclipse.debug.internal.core.LaunchConfiguration.launch(LaunchConfiguration.java:704)
	at org.eclipse.debug.internal.ui.DebugUIPlugin.buildAndLaunch(DebugUIPlugin.java:1047)
	at org.eclipse.debug.internal.ui.DebugUIPlugin$8.run(DebugUIPlugin.java:1251)
	at org.eclipse.core.internal.jobs.Worker.run(Worker.java:54)
10:30:38 ERROR : Unexpected error while parsing XMD response ?: com.google.gson.JsonSyntaxException: com.google.gson.stream.MalformedJsonException: invalid number or unquoted string near 
10:30:50 INFO  : Processing command line option -hwspec D:/123456/em15-340-yangxi/lab2/lab2.sdk/system_wrapper.hdf.
10:30:51 INFO  : Checking for hwspec changes in the project system_wrapper_hw_platform_0.
10:32:06 INFO  : ps7_init is completed.
10:32:06 INFO  : ps7_post_config is completed.
10:32:06 INFO  : Processor reset is completed for ps7_cortexa9_0
10:32:09 ERROR : Unexpected error while launching program.
java.lang.RuntimeException: Failed to download ELF file


    AP transaction error (DP CTRL_STAT=0xf0000021)
    Error Address = 0x00100000, Size = 0x00000004


	at com.xilinx.sdk.targetmanager.internal.TM.downloadELF(TM.java:752)
	at com.xilinx.sdk.debug.core.internal.AppRunner.run(AppRunner.java:129)
	at com.xilinx.sdk.debug.core.XilinxAppLaunchConfigurationDelegate.runApplication(XilinxAppLaunchConfigurationDelegate.java:534)
	at com.xilinx.sdk.debug.core.XilinxAppLaunchConfigurationDelegate.launch(XilinxAppLaunchConfigurationDelegate.java:252)
	at com.xilinx.sdk.debug.ui.XilinxAppLaunchDelegateWrapper.launch(XilinxAppLaunchDelegateWrapper.java:31)
	at org.eclipse.debug.internal.core.LaunchConfiguration.launch(LaunchConfiguration.java:855)
	at org.eclipse.debug.internal.core.LaunchConfiguration.launch(LaunchConfiguration.java:704)
	at org.eclipse.debug.internal.ui.DebugUIPlugin.buildAndLaunch(DebugUIPlugin.java:1047)
	at org.eclipse.debug.internal.ui.DebugUIPlugin$8.run(DebugUIPlugin.java:1251)
	at org.eclipse.core.internal.jobs.Worker.run(Worker.java:54)
10:44:09 ERROR : Unexpected error while parsing XMD response ?: com.google.gson.JsonSyntaxException: com.google.gson.stream.MalformedJsonException: invalid number or unquoted string near 
10:44:20 INFO  : Processing command line option -hwspec D:/123456/em15-340-yangxi/lab2/lab2.sdk/system_wrapper.hdf.
10:44:20 INFO  : Checking for hwspec changes in the project system_wrapper_hw_platform_0.
10:44:44 ERROR : Unexpected error while parsing XMD response ?: com.google.gson.JsonSyntaxException: com.google.gson.stream.MalformedJsonException: invalid number or unquoted string near 
10:44:54 INFO  : Processing command line option -hwspec D:/123456/em15-340-yangxi/lab2/lab2.sdk/system_wrapper.hdf.
10:44:54 INFO  : Checking for hwspec changes in the project system_wrapper_hw_platform_0.
10:45:58 INFO  : FPGA configured successfully with bitstream "D:/123456/em15-340-yangxi/lab2/lab2.sdk/system_wrapper_hw_platform_0/system_wrapper.bit"
10:51:34 INFO  : ps7_init is completed.
10:51:34 INFO  : ps7_post_config is completed.
10:51:35 INFO  : Processor reset is completed for ps7_cortexa9_0
10:51:38 ERROR : Unexpected error while launching program.
java.lang.RuntimeException: Failed to download ELF file


    AP transaction error (DP CTRL_STAT=0xf0000021)
    Error Address = 0x00100000, Size = 0x00000004


	at com.xilinx.sdk.targetmanager.internal.TM.downloadELF(TM.java:752)
	at com.xilinx.sdk.debug.core.internal.AppRunner.run(AppRunner.java:129)
	at com.xilinx.sdk.debug.core.XilinxAppLaunchConfigurationDelegate.runApplication(XilinxAppLaunchConfigurationDelegate.java:534)
	at com.xilinx.sdk.debug.core.XilinxAppLaunchConfigurationDelegate.launch(XilinxAppLaunchConfigurationDelegate.java:252)
	at com.xilinx.sdk.debug.ui.XilinxAppLaunchDelegateWrapper.launch(XilinxAppLaunchDelegateWrapper.java:31)
	at org.eclipse.debug.internal.core.LaunchConfiguration.launch(LaunchConfiguration.java:855)
	at org.eclipse.debug.internal.core.LaunchConfiguration.launch(LaunchConfiguration.java:704)
	at org.eclipse.debug.internal.ui.DebugUIPlugin.buildAndLaunch(DebugUIPlugin.java:1047)
	at org.eclipse.debug.internal.ui.DebugUIPlugin$8.run(DebugUIPlugin.java:1251)
	at org.eclipse.core.internal.jobs.Worker.run(Worker.java:54)
11:01:17 ERROR : Unexpected error while parsing XMD response ?: com.google.gson.JsonSyntaxException: com.google.gson.stream.MalformedJsonException: invalid number or unquoted string near 
11:01:35 INFO  : Processing command line option -hwspec D:/123456/em15-340-yangxi/lab2/lab2.sdk/system_wrapper.hdf.
11:01:35 INFO  : Checking for hwspec changes in the project system_wrapper_hw_platform_0.
11:02:17 ERROR : Unexpected error while launching program.
java.lang.RuntimeException: Error in Resetting Target

    Could not stop the processor after reset


	at com.xilinx.sdk.targetmanager.internal.TM.doProcessorReset(TM.java:1153)
	at com.xilinx.sdk.debug.core.XilinxAppLaunchConfigurationDelegate.runTargetSetup(XilinxAppLaunchConfigurationDelegate.java:431)
	at com.xilinx.sdk.debug.core.XilinxAppLaunchConfigurationDelegate.debugApplication(XilinxAppLaunchConfigurationDelegate.java:598)
	at com.xilinx.sdk.debug.core.XilinxAppLaunchConfigurationDelegate.launch(XilinxAppLaunchConfigurationDelegate.java:254)
	at com.xilinx.sdk.debug.ui.XilinxAppLaunchDelegateWrapper.launch(XilinxAppLaunchDelegateWrapper.java:31)
	at org.eclipse.debug.internal.core.LaunchConfiguration.launch(LaunchConfiguration.java:855)
	at org.eclipse.debug.internal.core.LaunchConfiguration.launch(LaunchConfiguration.java:704)
	at org.eclipse.debug.internal.ui.DebugUIPlugin.buildAndLaunch(DebugUIPlugin.java:1047)
	at org.eclipse.debug.internal.ui.DebugUIPlugin$8.run(DebugUIPlugin.java:1251)
	at org.eclipse.core.internal.jobs.Worker.run(Worker.java:54)
11:02:55 ERROR : Unable to disconnect from existing targets
java.lang.NullPointerException
	at com.xilinx.sdk.targetmanager.internal.json.XMDJSONProcess.issueCommand(XMDJSONProcess.java:144)
	at com.xilinx.sdk.targetmanager.internal.TM.disconnectTarget(TM.java:338)
	at com.xilinx.sdk.targetmanager.internal.TM.disconnectExistingTargets(TM.java:320)
	at com.xilinx.sdk.targetmanager.internal.TM.terminate(TM.java:210)
	at com.xilinx.sdk.targetmanager.TMPlugin.stop(TMPlugin.java:57)
	at org.eclipse.osgi.framework.internal.core.BundleContextImpl$2.run(BundleContextImpl.java:771)
	at java.security.AccessController.doPrivileged(Native Method)
	at org.eclipse.osgi.framework.internal.core.BundleContextImpl.stop(BundleContextImpl.java:764)
	at org.eclipse.osgi.framework.internal.core.BundleHost.stopWorker(BundleHost.java:510)
	at org.eclipse.osgi.framework.internal.core.AbstractBundle.suspend(AbstractBundle.java:566)
	at org.eclipse.osgi.framework.internal.core.Framework.suspendBundle(Framework.java:1206)
	at org.eclipse.osgi.framework.internal.core.StartLevelManager.decFWSL(StartLevelManager.java:592)
	at org.eclipse.osgi.framework.internal.core.StartLevelManager.doSetStartLevel(StartLevelManager.java:257)
	at org.eclipse.osgi.framework.internal.core.StartLevelManager.shutdown(StartLevelManager.java:215)
	at org.eclipse.osgi.framework.internal.core.InternalSystemBundle.suspend(InternalSystemBundle.java:284)
	at org.eclipse.osgi.framework.internal.core.Framework.shutdown(Framework.java:692)
	at org.eclipse.osgi.framework.internal.core.Framework.close(Framework.java:600)
	at org.eclipse.core.runtime.adaptor.EclipseStarter.shutdown(EclipseStarter.java:399)
	at org.eclipse.core.runtime.adaptor.EclipseStarter.run(EclipseStarter.java:199)
	at sun.reflect.NativeMethodAccessorImpl.invoke0(Native Method)
	at sun.reflect.NativeMethodAccessorImpl.invoke(NativeMethodAccessorImpl.java:57)
	at sun.reflect.DelegatingMethodAccessorImpl.invoke(DelegatingMethodAccessorImpl.java:43)
	at java.lang.reflect.Method.invoke(Method.java:606)
	at org.eclipse.equinox.launcher.Main.invokeFramework(Main.java:629)
	at org.eclipse.equinox.launcher.Main.basicRun(Main.java:584)
	at org.eclipse.equinox.launcher.Main.run(Main.java:1438)
11:02:55 ERROR : Unexpected error while parsing XMD response ?: com.google.gson.JsonSyntaxException: com.google.gson.stream.MalformedJsonException: invalid number or unquoted string near 
11:02:55 ERROR : Unexpected error while launching program.
java.lang.NullPointerException
	at com.xilinx.sdk.targetmanager.internal.json.XMDJSONProcess.issueCommand(XMDJSONProcess.java:144)
	at com.xilinx.sdk.targetmanager.internal.TM.connectToProcessor(TM.java:575)
	at com.xilinx.sdk.debug.core.XilinxAppLaunchConfigurationDelegate.runTargetSetup(XilinxAppLaunchConfigurationDelegate.java:400)
	at com.xilinx.sdk.debug.core.XilinxAppLaunchConfigurationDelegate.runApplication(XilinxAppLaunchConfigurationDelegate.java:513)
	at com.xilinx.sdk.debug.core.XilinxAppLaunchConfigurationDelegate.launch(XilinxAppLaunchConfigurationDelegate.java:252)
	at com.xilinx.sdk.debug.ui.XilinxAppLaunchDelegateWrapper.launch(XilinxAppLaunchDelegateWrapper.java:31)
	at org.eclipse.debug.internal.core.LaunchConfiguration.launch(LaunchConfiguration.java:855)
	at org.eclipse.debug.internal.core.LaunchConfiguration.launch(LaunchConfiguration.java:704)
	at org.eclipse.debug.internal.ui.DebugUIPlugin.buildAndLaunch(DebugUIPlugin.java:1047)
	at org.eclipse.debug.internal.ui.DebugUIPlugin$8.run(DebugUIPlugin.java:1251)
	at org.eclipse.core.internal.jobs.Worker.run(Worker.java:54)
11:03:08 INFO  : Processing command line option -hwspec D:/123456/em15-340-yangxi/lab2/lab2.sdk/system_wrapper.hdf.
11:03:08 INFO  : Checking for hwspec changes in the project system_wrapper_hw_platform_0.
11:03:57 INFO  : FPGA configured successfully with bitstream "D:/123456/em15-340-yangxi/lab2/lab2.sdk/system_wrapper_hw_platform_0/system_wrapper.bit"
11:04:06 INFO  : FPGA configured successfully with bitstream "D:/123456/em15-340-yangxi/lab2/lab2.sdk/system_wrapper_hw_platform_0/system_wrapper.bit"
11:04:53 ERROR : Unexpected error while launching program.
java.lang.RuntimeException: Error while running ps7_init method.
Cannot write to target


    AP transaction timeout: ACK = 0x01, expected=0x02)
    Error Address = 0xf8000008


	at com.xilinx.sdk.targetmanager.internal.TM.run_ps7_init(TM.java:1230)
	at com.xilinx.sdk.debug.core.XilinxAppLaunchConfigurationDelegate.runTargetSetup(XilinxAppLaunchConfigurationDelegate.java:411)
	at com.xilinx.sdk.debug.core.XilinxAppLaunchConfigurationDelegate.runApplication(XilinxAppLaunchConfigurationDelegate.java:513)
	at com.xilinx.sdk.debug.core.XilinxAppLaunchConfigurationDelegate.launch(XilinxAppLaunchConfigurationDelegate.java:252)
	at com.xilinx.sdk.debug.ui.XilinxAppLaunchDelegateWrapper.launch(XilinxAppLaunchDelegateWrapper.java:31)
	at org.eclipse.debug.internal.core.LaunchConfiguration.launch(LaunchConfiguration.java:855)
	at org.eclipse.debug.internal.core.LaunchConfiguration.launch(LaunchConfiguration.java:704)
	at org.eclipse.debug.internal.ui.DebugUIPlugin.buildAndLaunch(DebugUIPlugin.java:1047)
	at org.eclipse.debug.internal.ui.DebugUIPlugin$8.run(DebugUIPlugin.java:1251)
	at org.eclipse.core.internal.jobs.Worker.run(Worker.java:54)
11:05:07 INFO  : ps7_init is completed.
11:05:07 INFO  : ps7_post_config is completed.
11:05:07 INFO  : Processor reset is completed for ps7_cortexa9_0
11:05:11 ERROR : Unexpected error while launching program.
java.lang.RuntimeException: Failed to download ELF file


    AP transaction error (DP CTRL_STAT=0xf0000021)
    Error Address = 0x00100000, Size = 0x00000004


	at com.xilinx.sdk.targetmanager.internal.TM.downloadELF(TM.java:752)
	at com.xilinx.sdk.debug.core.internal.AppRunner.run(AppRunner.java:129)
	at com.xilinx.sdk.debug.core.XilinxAppLaunchConfigurationDelegate.runApplication(XilinxAppLaunchConfigurationDelegate.java:534)
	at com.xilinx.sdk.debug.core.XilinxAppLaunchConfigurationDelegate.launch(XilinxAppLaunchConfigurationDelegate.java:252)
	at com.xilinx.sdk.debug.ui.XilinxAppLaunchDelegateWrapper.launch(XilinxAppLaunchDelegateWrapper.java:31)
	at org.eclipse.debug.internal.core.LaunchConfiguration.launch(LaunchConfiguration.java:855)
	at org.eclipse.debug.internal.core.LaunchConfiguration.launch(LaunchConfiguration.java:704)
	at org.eclipse.debug.internal.ui.DebugUIPlugin.buildAndLaunch(DebugUIPlugin.java:1047)
	at org.eclipse.debug.internal.ui.DebugUIPlugin$8.run(DebugUIPlugin.java:1251)
	at org.eclipse.core.internal.jobs.Worker.run(Worker.java:54)
11:14:11 ERROR : Unexpected error while parsing XMD response ?: com.google.gson.JsonSyntaxException: com.google.gson.stream.MalformedJsonException: invalid number or unquoted string near 
11:14:22 INFO  : Processing command line option -hwspec D:/123456/em15-340-yangxi/lab2/lab2.sdk/system_wrapper.hdf.
11:14:23 INFO  : Checking for hwspec changes in the project system_wrapper_hw_platform_0.
11:15:10 ERROR : Unable to disconnect from existing targets
java.lang.NullPointerException
	at com.xilinx.sdk.targetmanager.internal.json.XMDJSONProcess.issueCommand(XMDJSONProcess.java:144)
	at com.xilinx.sdk.targetmanager.internal.TM.disconnectTarget(TM.java:338)
	at com.xilinx.sdk.targetmanager.internal.TM.disconnectExistingTargets(TM.java:320)
	at com.xilinx.sdk.targetmanager.internal.TM.terminate(TM.java:210)
	at com.xilinx.sdk.targetmanager.TMPlugin.stop(TMPlugin.java:57)
	at org.eclipse.osgi.framework.internal.core.BundleContextImpl$2.run(BundleContextImpl.java:771)
	at java.security.AccessController.doPrivileged(Native Method)
	at org.eclipse.osgi.framework.internal.core.BundleContextImpl.stop(BundleContextImpl.java:764)
	at org.eclipse.osgi.framework.internal.core.BundleHost.stopWorker(BundleHost.java:510)
	at org.eclipse.osgi.framework.internal.core.AbstractBundle.suspend(AbstractBundle.java:566)
	at org.eclipse.osgi.framework.internal.core.Framework.suspendBundle(Framework.java:1206)
	at org.eclipse.osgi.framework.internal.core.StartLevelManager.decFWSL(StartLevelManager.java:592)
	at org.eclipse.osgi.framework.internal.core.StartLevelManager.doSetStartLevel(StartLevelManager.java:257)
	at org.eclipse.osgi.framework.internal.core.StartLevelManager.shutdown(StartLevelManager.java:215)
	at org.eclipse.osgi.framework.internal.core.InternalSystemBundle.suspend(InternalSystemBundle.java:284)
	at org.eclipse.osgi.framework.internal.core.Framework.shutdown(Framework.java:692)
	at org.eclipse.osgi.framework.internal.core.Framework.close(Framework.java:600)
	at org.eclipse.core.runtime.adaptor.EclipseStarter.shutdown(EclipseStarter.java:399)
	at org.eclipse.core.runtime.adaptor.EclipseStarter.run(EclipseStarter.java:199)
	at sun.reflect.NativeMethodAccessorImpl.invoke0(Native Method)
	at sun.reflect.NativeMethodAccessorImpl.invoke(NativeMethodAccessorImpl.java:57)
	at sun.reflect.DelegatingMethodAccessorImpl.invoke(DelegatingMethodAccessorImpl.java:43)
	at java.lang.reflect.Method.invoke(Method.java:606)
	at org.eclipse.equinox.launcher.Main.invokeFramework(Main.java:629)
	at org.eclipse.equinox.launcher.Main.basicRun(Main.java:584)
	at org.eclipse.equinox.launcher.Main.run(Main.java:1438)
11:15:10 ERROR : Unexpected error while parsing XMD response ?: com.google.gson.JsonSyntaxException: com.google.gson.stream.MalformedJsonException: invalid number or unquoted string near 
11:15:22 INFO  : Processing command line option -hwspec D:/123456/em15-340-yangxi/lab2/lab2.sdk/system_wrapper.hdf.
11:15:22 INFO  : Checking for hwspec changes in the project system_wrapper_hw_platform_0.
11:15:34 INFO  : FPGA configured successfully with bitstream "D:/123456/em15-340-yangxi/lab2/lab2.sdk/system_wrapper_hw_platform_0/system_wrapper.bit"
11:15:45 INFO  : ps7_init is completed.
11:15:45 INFO  : ps7_post_config is completed.
11:15:46 INFO  : Processor reset is completed for ps7_cortexa9_0
11:15:49 ERROR : Unexpected error while launching program.
java.lang.RuntimeException: Failed to download ELF file


    AP transaction error (DP CTRL_STAT=0xf0000021)
    Error Address = 0x00100000, Size = 0x00000004


	at com.xilinx.sdk.targetmanager.internal.TM.downloadELF(TM.java:752)
	at com.xilinx.sdk.debug.core.internal.AppRunner.run(AppRunner.java:129)
	at com.xilinx.sdk.debug.core.XilinxAppLaunchConfigurationDelegate.runApplication(XilinxAppLaunchConfigurationDelegate.java:534)
	at com.xilinx.sdk.debug.core.XilinxAppLaunchConfigurationDelegate.launch(XilinxAppLaunchConfigurationDelegate.java:252)
	at com.xilinx.sdk.debug.ui.XilinxAppLaunchDelegateWrapper.launch(XilinxAppLaunchDelegateWrapper.java:31)
	at org.eclipse.debug.internal.core.LaunchConfiguration.launch(LaunchConfiguration.java:855)
	at org.eclipse.debug.internal.core.LaunchConfiguration.launch(LaunchConfiguration.java:704)
	at org.eclipse.debug.internal.ui.DebugUIPlugin.buildAndLaunch(DebugUIPlugin.java:1047)
	at org.eclipse.debug.internal.ui.DebugUIPlugin$8.run(DebugUIPlugin.java:1251)
	at org.eclipse.core.internal.jobs.Worker.run(Worker.java:54)
11:23:24 ERROR : Unexpected error while parsing XMD response ?: com.google.gson.JsonSyntaxException: com.google.gson.stream.MalformedJsonException: invalid number or unquoted string near 
