INFO: [Common 17-701] A license check has taken more than 10 seconds to complete. This may indicate that there is a performance issue with one or more license servers listed in XILINXD_LICENSE_FILE or LM_LICENSE_FILE, or that the license servers are just not responding at all. Try setting the FLEXLM_DIAGNOSTICS environment variable to 3 and running Vivado again to get more information.
#-----------------------------------------------------------
# Vivado v2014.2
# SW Build 932637 on Wed Jun 11 13:27:54 MDT 2014
# IP Build 924643 on Fri May 30 09:20:16 MDT 2014
# Start of session at: Mon Apr 20 22:58:52 2015
# Process ID: 6948
# Log file: D:/123456/em15-340-yangxi/lab2/lab2.sdk/webtalk/vivado.log
# Journal file: D:/123456/em15-340-yangxi/lab2/lab2.sdk/webtalk\vivado.jou
#-----------------------------------------------------------
source sdk.tcl
# webtalk_init -webtalk_dir D:\\123456\\em15-340-yangxi\\lab2\\lab2.sdk\\webtalk
# webtalk_register_client -client project
# webtalk_add_data -client project -key date_generated -value "星期一 四月 20 22:58:23 2015" -context "software_version_and_target_device"
# webtalk_add_data -client project -key product_version -value "SDK v2014.2" -context "software_version_and_target_device"
# webtalk_add_data -client project -key build_version -value "2014.2" -context "software_version_and_target_device"
# webtalk_add_data -client project -key os_platform -value "x86" -context "software_version_and_target_device"
# webtalk_add_data -client project -key registration_id -value "207600880_1777491182_0_870" -context "software_version_and_target_device"
# webtalk_add_data -client project -key tool_flow -value "SDK" -context "software_version_and_target_device"
# webtalk_add_data -client project -key beta -value "false" -context "software_version_and_target_device"
# webtalk_add_data -client project -key route_design -value "NA" -context "software_version_and_target_device"
# webtalk_add_data -client project -key target_family -value "NA" -context "software_version_and_target_device"
# webtalk_add_data -client project -key target_device -value "NA" -context "software_version_and_target_device"
# webtalk_add_data -client project -key target_package -value "NA" -context "software_version_and_target_device"
# webtalk_add_data -client project -key target_speed -value "NA" -context "software_version_and_target_device"
# webtalk_add_data -client project -key random_id -value "ovvfa7tcjbldmi5fqvjl481vbt" -context "software_version_and_target_device"
# webtalk_add_data -client project -key project_id -value "2014.2_6" -context "software_version_and_target_device"
# webtalk_add_data -client project -key project_iteration -value "6" -context "software_version_and_target_device"
# webtalk_add_data -client project -key os_name -value "Microsoft Windows 7 , 32-bit" -context "user_environment"
# webtalk_add_data -client project -key os_release -value "major release  (build 7600)" -context "user_environment"
# webtalk_add_data -client project -key cpu_name -value "Intel(R) Core(TM) i5-3210M CPU @ 2.50GHz" -context "user_environment"
# webtalk_add_data -client project -key cpu_speed -value "2494 MHz" -context "user_environment"
# webtalk_add_data -client project -key total_processors -value "1" -context "user_environment"
# webtalk_add_data -client project -key system_ram -value "2.000 GB" -context "user_environment"
# webtalk_register_client -client sdk
# webtalk_add_data -client sdk -key uid -value "1429540513822" -context "sdk\\\\hardware/1429540513822"
# webtalk_add_data -client sdk -key isZynq -value "true" -context "sdk\\\\hardware/1429540513822"
# webtalk_add_data -client sdk -key Processors -value "2" -context "sdk\\\\hardware/1429540513822"
# webtalk_add_data -client sdk -key VivadoVersion -value "2014.2" -context "sdk\\\\hardware/1429540513822"
# webtalk_add_data -client sdk -key Arch -value "zynq" -context "sdk\\\\hardware/1429540513822"
# webtalk_add_data -client sdk -key Device -value "7z010" -context "sdk\\\\hardware/1429540513822"
# webtalk_add_data -client sdk -key IsHandoff -value "true" -context "sdk\\\\hardware/1429540513822"
# webtalk_add_data -client sdk -key uid -value "1429540674061" -context "sdk\\\\bsp/1429540674061"
# webtalk_add_data -client sdk -key hwid -value "1429540513822" -context "sdk\\\\bsp/1429540674061"
# webtalk_add_data -client sdk -key os -value "standalone" -context "sdk\\\\bsp/1429540674061"
# webtalk_add_data -client sdk -key apptemplate -value "null" -context "sdk\\\\bsp/1429540674061"
# webtalk_add_data -client sdk -key uid -value "1429540827632" -context "sdk\\\\application/1429540827632"
# webtalk_add_data -client sdk -key hwid -value "1429540513822" -context "sdk\\\\application/1429540827632"
# webtalk_add_data -client sdk -key bspid -value "1429540674061" -context "sdk\\\\application/1429540827632"
# webtalk_add_data -client sdk -key newbsp -value "false" -context "sdk\\\\application/1429540827632"
# webtalk_add_data -client sdk -key os -value "standalone" -context "sdk\\\\application/1429540827632"
# webtalk_add_data -client sdk -key apptemplate -value "empty_application" -context "sdk\\\\application/1429540827632"
# webtalk_transmit -clientid 3258521464 -regid "207600880_1777491182_0_870" -xml D:\\123456\\em15-340-yangxi\\lab2\\lab2.sdk\\webtalk\\usage_statistics_ext_sdk.xml -html D:\\123456\\em15-340-yangxi\\lab2\\lab2.sdk\\webtalk\\usage_statistics_ext_sdk.html -wdm D:\\123456\\em15-340-yangxi\\lab2\\lab2.sdk\\webtalk\\sdk.wdm -intro "<H3>SDK Usage Report</H3><BR>"

    while executing
"webtalk_transmit -clientid 3258521464 -regid "207600880_1777491182_0_870" -xml D:\\123456\\em15-340-yangxi\\lab2\\lab2.sdk\\webtalk\\usage_statistics_..."
    (file "sdk.tcl" line 42)
INFO: [Common 17-206] Exiting Vivado at Mon Apr 20 23:01:27 2015...
